<?xml version="1.0" encoding="UTF-8"?>
<testsuites name="jest tests" tests="14" failures="0" errors="0" time="1.32">
  <testsuite name="App.test.js" errors="0" failures="0" skipped="0" timestamp="2023-06-08T22:15:18" time="1.225" tests="14">
    <testcase classname="WeatherApp" name="Selecting a different location" time="0.142">
    </testcase>
    <testcase classname="WeatherApp" name="Selecting a different date and time" time="0.017">
    </testcase>
    <testcase classname="WeatherApp" name="Checking initial values" time="0.006">
    </testcase>
    <testcase classname="WeatherApp" name="Edge case - Last location and last date-time" time="0.01">
    </testcase>
    <testcase classname="WeatherApp" name="Edge case - First location and first date-time" time="0.007">
    </testcase>
    <testcase classname="WeatherApp" name="Edge case - Last location and first date-time" time="0.008">
    </testcase>
    <testcase classname="WeatherApp" name="Edge case - First location and last date-time" time="0.007">
    </testcase>
    <testcase classname="WeatherApp" name="Selecting a location and then selecting the same location again" time="0.008">
    </testcase>
    <testcase classname="WeatherApp" name="Selecting a date and time and then selecting the same date and time again" time="0.012">
    </testcase>
    <testcase classname="WeatherApp" name="Selecting a different location and then selecting a different date and time" time="0.016">
    </testcase>
    <testcase classname="WeatherApp" name="Checking Location label" time="0.005">
    </testcase>
    <testcase classname="WeatherApp" name="Checking Date &amp; Time label" time="0.005">
    </testcase>
    <testcase classname="WeatherApp" name="Checking Temperature label" time="0.005">
    </testcase>
    <testcase classname="WeatherApp" name="Checking Conditions label" time="0.004">
    </testcase>
  </testsuite>
</testsuites>